<?xml version="1.0" encoding="UTF-8"?>
<!-- Generated by org.testng.reporters.JUnitReportReporter -->
<testsuite hostname="LAPTOP-HSJQEM5R" failures="0" tests="1" name="Demo.Test2" time="0.000" errors="0" timestamp="2023-01-10T12:09:04 IST" skipped="0">
  <testcase classname="Demo.Test2" name="m2" time="0.000"/>
  <system-out>
    <![CDATA[hi]]>
  </system-out>
</testsuite> <!-- Demo.Test2 -->
