<?xml version="1.0" encoding="UTF-8"?>
<!-- Generated by org.testng.reporters.JUnitReportReporter -->
<testsuite hostname="LAPTOP-HSJQEM5R" failures="0" tests="1" name="Demo.Test1" time="0.004" errors="0" timestamp="2023-01-10T12:09:04 IST" skipped="0">
  <testcase classname="Demo.Test1" name="m1" time="0.004"/>
  <system-out>
    <![CDATA[hello]]>
  </system-out>
</testsuite> <!-- Demo.Test1 -->
